Arguments: 
  /usr/bin/node /usr/bin/yarn add @ethersproject/unit

PATH: 
  /usr/local/sbin:/usr/local/bin:/usr/sbin:/usr/bin:/sbin:/bin:/snap/bin

Yarn version: 
  1.22.19

Node version: 
  18.17.0

Platform: 
  linux x64

Trace: 
  Error: https://registry.yarnpkg.com/@ethersproject%2funit: Not found
      at params.callback [as _callback] (/usr/lib/node_modules/yarn/lib/cli.js:66145:18)
      at self.callback (/usr/lib/node_modules/yarn/lib/cli.js:140890:22)
      at Request.emit (node:events:514:28)
      at Request.<anonymous> (/usr/lib/node_modules/yarn/lib/cli.js:141862:10)
      at Request.emit (node:events:514:28)
      at IncomingMessage.<anonymous> (/usr/lib/node_modules/yarn/lib/cli.js:141784:12)
      at Object.onceWrapper (node:events:628:28)
      at IncomingMessage.emit (node:events:526:35)
      at endReadableNT (node:internal/streams/readable:1359:12)
      at process.processTicksAndRejections (node:internal/process/task_queues:82:21)

npm manifest: 
  {
    "name": "sparkfi-sdk-ts",
    "version": "1.0.0",
    "description": "",
    "main": "index.js",
    "scripts": {
      "test": "echo \"Error: no test specified\" && exit 1"
    },
    "keywords": [],
    "author": "",
    "license": "ISC",
    "dependencies": {
      "@ethersproject/constants": "^5.7.0",
      "@ethersproject/contract": "^6.0.0-beta.1",
      "@ethersproject/providers": "^5.7.2",
      "bignumber.js": "^9.1.2"
    }
  }

yarn manifest: 
  No manifest

Lockfile: 
  # THIS IS AN AUTOGENERATED FILE. DO NOT EDIT THIS FILE DIRECTLY.
  # yarn lockfile v1
  
  
  "@ethersproject/abi@^6.0.0-beta.1":
    version "6.0.0-beta.3"
    resolved "https://registry.yarnpkg.com/@ethersproject/abi/-/abi-6.0.0-beta.3.tgz#b77537485d24a140344e8bbc8b58632649e7ce57"
    integrity sha512-LoQlc8pQySNNfK0KDPnzH5ibf1E2GdBDHEvMNRbyGFTyYe4hy5clJ2iOkEZMbFt+eiBvptH2jDhB/Zhu77TJSQ==
    dependencies:
      "@ethersproject/address" "^6.0.0-beta.1"
      "@ethersproject/bytes" "^6.0.0-beta.1"
      "@ethersproject/crypto" "^6.0.0-beta.1"
      "@ethersproject/hash" "^6.0.0-beta.1"
      "@ethersproject/logger" "^6.0.0-beta.1"
      "@ethersproject/math" "^6.0.0-beta.1"
      "@ethersproject/properties" "^6.0.0-beta.1"
      "@ethersproject/rlp" "^6.0.0-beta.1"
      "@ethersproject/strings" "^6.0.0-beta.1"
  
  "@ethersproject/abstract-provider@^5.7.0":
    version "5.7.0"
    resolved "https://registry.yarnpkg.com/@ethersproject/abstract-provider/-/abstract-provider-5.7.0.tgz#b0a8550f88b6bf9d51f90e4795d48294630cb9ef"
    integrity sha512-R41c9UkchKCpAqStMYUpdunjo3pkEvZC3FAwZn5S5MGbXoMQOHIdHItezTETxAO5bevtMApSyEhn9+CHcDsWBw==
    dependencies:
      "@ethersproject/bignumber" "^5.7.0"
      "@ethersproject/bytes" "^5.7.0"
      "@ethersproject/logger" "^5.7.0"
      "@ethersproject/networks" "^5.7.0"
      "@ethersproject/properties" "^5.7.0"
      "@ethersproject/transactions" "^5.7.0"
      "@ethersproject/web" "^5.7.0"
  
  "@ethersproject/abstract-signer@^5.7.0":
    version "5.7.0"
    resolved "https://registry.yarnpkg.com/@ethersproject/abstract-signer/-/abstract-signer-5.7.0.tgz#13f4f32117868452191a4649723cb086d2b596b2"
    integrity sha512-a16V8bq1/Cz+TGCkE2OPMTOUDLS3grCpdjoJCYNnVBbdYEMSgKrU0+B90s8b6H+ByYTBZN7a3g76jdIJi7UfKQ==
    dependencies:
      "@ethersproject/abstract-provider" "^5.7.0"
      "@ethersproject/bignumber" "^5.7.0"
      "@ethersproject/bytes" "^5.7.0"
      "@ethersproject/logger" "^5.7.0"
      "@ethersproject/properties" "^5.7.0"
  
  "@ethersproject/address@^5.7.0":
    version "5.7.0"
    resolved "https://registry.yarnpkg.com/@ethersproject/address/-/address-5.7.0.tgz#19b56c4d74a3b0a46bfdbb6cfcc0a153fc697f37"
    integrity sha512-9wYhYt7aghVGo758POM5nqcOMaE168Q6aRLJZwUmiqSrAungkG74gSSeKEIR7ukixesdRZGPgVqme6vmxs1fkA==
    dependencies:
      "@ethersproject/bignumber" "^5.7.0"
      "@ethersproject/bytes" "^5.7.0"
      "@ethersproject/keccak256" "^5.7.0"
      "@ethersproject/logger" "^5.7.0"
      "@ethersproject/rlp" "^5.7.0"
  
  "@ethersproject/address@^6.0.0-beta.1":
    version "6.0.0-beta.2"
    resolved "https://registry.yarnpkg.com/@ethersproject/address/-/address-6.0.0-beta.2.tgz#1a1d3569bf1533d4ec91019d9feff53ca5144842"
    integrity sha512-FnCEwDD3edepRXv4Y2wuGyLE1NiXEplYzDkHIU77LLzxYsrmcoiJuFFeNIDPJOjPYGUq01Mv2UEAxYGq/RJsQA==
    dependencies:
      "@ethersproject/bytes" "^6.0.0-beta.1"
      "@ethersproject/crypto" "^6.0.0-beta.1"
      "@ethersproject/logger" "^6.0.0-beta.1"
      "@ethersproject/rlp" "^6.0.0-beta.1"
  
  "@ethersproject/base64@^5.7.0":
    version "5.7.0"
    resolved "https://registry.yarnpkg.com/@ethersproject/base64/-/base64-5.7.0.tgz#ac4ee92aa36c1628173e221d0d01f53692059e1c"
    integrity sha512-Dr8tcHt2mEbsZr/mwTPIQAf3Ai0Bks/7gTw9dSqk1mQvhW3XvRlmDJr/4n+wg1JmCl16NZue17CDh8xb/vZ0sQ==
    dependencies:
      "@ethersproject/bytes" "^5.7.0"
  
  "@ethersproject/basex@^5.7.0":
    version "5.7.0"
    resolved "https://registry.yarnpkg.com/@ethersproject/basex/-/basex-5.7.0.tgz#97034dc7e8938a8ca943ab20f8a5e492ece4020b"
    integrity sha512-ywlh43GwZLv2Voc2gQVTKBoVQ1mti3d8HK5aMxsfu/nRDnMmNqaSJ3r3n85HBByT8OpoY96SXM1FogC533T4zw==
    dependencies:
      "@ethersproject/bytes" "^5.7.0"
      "@ethersproject/properties" "^5.7.0"
  
  "@ethersproject/bignumber@^5.7.0":
    version "5.7.0"
    resolved "https://registry.yarnpkg.com/@ethersproject/bignumber/-/bignumber-5.7.0.tgz#e2f03837f268ba655ffba03a57853e18a18dc9c2"
    integrity sha512-n1CAdIHRWjSucQO3MC1zPSVgV/6dy/fjL9pMrPP9peL+QxEg9wOsVqwD4+818B6LUEtaXzVHQiuivzRoxPxUGw==
    dependencies:
      "@ethersproject/bytes" "^5.7.0"
      "@ethersproject/logger" "^5.7.0"
      bn.js "^5.2.1"
  
  "@ethersproject/bytes@^5.7.0":
    version "5.7.0"
    resolved "https://registry.yarnpkg.com/@ethersproject/bytes/-/bytes-5.7.0.tgz#a00f6ea8d7e7534d6d87f47188af1148d71f155d"
    integrity sha512-nsbxwgFXWh9NyYWo+U8atvmMsSdKJprTcICAkvbBffT75qDocbuggBU0SJiVK2MuTrp0q+xvLkTnGMPK1+uA9A==
    dependencies:
      "@ethersproject/logger" "^5.7.0"
  
  "@ethersproject/bytes@^6.0.0-beta.1":
    version "6.0.0-beta.3"
    resolved "https://registry.yarnpkg.com/@ethersproject/bytes/-/bytes-6.0.0-beta.3.tgz#22ca0d976badfc8a6d92a88256e9998bf80b3bc6"
    integrity sha512-yA496ZVE/GsYYSMsjdOaWGHHYz+S2EEeG8xNKnSoPo0tUzPa+XC8bfURSv5p1Og+Sw5JsZahADlisOPzN6v+LQ==
    dependencies:
      "@ethersproject/logger" "^6.0.0-beta.1"
  
  "@ethersproject/constants@^5.7.0":
    version "5.7.0"
    resolved "https://registry.yarnpkg.com/@ethersproject/constants/-/constants-5.7.0.tgz#df80a9705a7e08984161f09014ea012d1c75295e"
    integrity sha512-DHI+y5dBNvkpYUMiRQyxRBYBefZkJfo70VUkUAsRjcPs47muV9evftfZ0PJVCXYbAiCgght0DtcF9srFQmIgWA==
    dependencies:
      "@ethersproject/bignumber" "^5.7.0"
  
  "@ethersproject/contract@^6.0.0-beta.1":
    version "6.0.0-beta.1"
    resolved "https://registry.yarnpkg.com/@ethersproject/contract/-/contract-6.0.0-beta.1.tgz#93d96e388b74c2f5922f03a3858bd0160b2f46d0"
    integrity sha512-tZS/gKZ6CCcO7CHCUNdp4Kq2rp20RqO4uBzgXyhWsWWSn87zYCprOFX43pxJOQJp9FNf3CI5DumZQrGhpD+Dng==
    dependencies:
      "@ethersproject/abi" "^6.0.0-beta.1"
      "@ethersproject/address" "^6.0.0-beta.1"
      "@ethersproject/bytes" "^6.0.0-beta.1"
      "@ethersproject/logger" "^6.0.0-beta.1"
      "@ethersproject/math" "^6.0.0-beta.1"
      "@ethersproject/properties" "^6.0.0-beta.1"
      "@ethersproject/providers" "^6.0.0-beta.1"
      "@ethersproject/transactions" "^6.0.0-beta.1"
  
  "@ethersproject/crypto@^6.0.0-beta.1":
    version "6.0.0-beta.1"
    resolved "https://registry.yarnpkg.com/@ethersproject/crypto/-/crypto-6.0.0-beta.1.tgz#9b59783e940eb8aeca4ed59d5181b88782bedd21"
    integrity sha512-Rqo/2Mc2iNAYPnXM24YcReQS5N/8PmYcD6ptQHeble2iBvfXuvjW9WJ7CrRwA3mO+UJAW0uidfUVJ7kFdfgFCQ==
    dependencies:
      "@ethersproject/bytes" "^6.0.0-beta.1"
      "@ethersproject/logger" "^6.0.0-beta.1"
      "@noble/hashes" "1.0.0"
  
  "@ethersproject/hash@^5.7.0":
    version "5.7.0"
    resolved "https://registry.yarnpkg.com/@ethersproject/hash/-/hash-5.7.0.tgz#eb7aca84a588508369562e16e514b539ba5240a7"
    integrity sha512-qX5WrQfnah1EFnO5zJv1v46a8HW0+E5xuBBDTwMFZLuVTx0tbU2kkx15NqdjxecrLGatQN9FGQKpb1FKdHCt+g==
    dependencies:
      "@ethersproject/abstract-signer" "^5.7.0"
      "@ethersproject/address" "^5.7.0"
      "@ethersproject/base64" "^5.7.0"
      "@ethersproject/bignumber" "^5.7.0"
      "@ethersproject/bytes" "^5.7.0"
      "@ethersproject/keccak256" "^5.7.0"
      "@ethersproject/logger" "^5.7.0"
      "@ethersproject/properties" "^5.7.0"
      "@ethersproject/strings" "^5.7.0"
  
  "@ethersproject/hash@^6.0.0-beta.1":
    version "6.0.0-beta.7"
    resolved "https://registry.yarnpkg.com/@ethersproject/hash/-/hash-6.0.0-beta.7.tgz#32929d1c08982759bcef3508bba677fd220fdadf"
    integrity sha512-+4HhU6gohm2VFwljAIXBUPOs9OSjq1Vcsy27e6pTdM9TJ/68N3Res3HisZq0pE3yT+f9FxgxHPJP3DecoBLIvw==
    dependencies:
      "@ethersproject/address" "^6.0.0-beta.1"
      "@ethersproject/bytes" "^6.0.0-beta.1"
      "@ethersproject/crypto" "^6.0.0-beta.1"
      "@ethersproject/logger" "^6.0.0-beta.1"
      "@ethersproject/math" "^6.0.0-beta.1"
      "@ethersproject/properties" "^6.0.0-beta.1"
      "@ethersproject/strings" "^6.0.0-beta.1"
  
  "@ethersproject/keccak256@^5.7.0":
    version "5.7.0"
    resolved "https://registry.yarnpkg.com/@ethersproject/keccak256/-/keccak256-5.7.0.tgz#3186350c6e1cd6aba7940384ec7d6d9db01f335a"
    integrity sha512-2UcPboeL/iW+pSg6vZ6ydF8tCnv3Iu/8tUmLLzWWGzxWKFFqOBQFLo6uLUv6BDrLgCDfN28RJ/wtByx+jZ4KBg==
    dependencies:
      "@ethersproject/bytes" "^5.7.0"
      js-sha3 "0.8.0"
  
  "@ethersproject/logger@^5.7.0":
    version "5.7.0"
    resolved "https://registry.yarnpkg.com/@ethersproject/logger/-/logger-5.7.0.tgz#6ce9ae168e74fecf287be17062b590852c311892"
    integrity sha512-0odtFdXu/XHtjQXJYA3u9G0G8btm0ND5Cu8M7i5vhEcE8/HmF4Lbdqanwyv4uQTr2tx6b7fQRmgLrsnpQlmnig==
  
  "@ethersproject/logger@^6.0.0-beta.1":
    version "6.0.0-beta.7"
    resolved "https://registry.yarnpkg.com/@ethersproject/logger/-/logger-6.0.0-beta.7.tgz#1ac632dd86982d1776e96b03b310e7d6a844a342"
    integrity sha512-n+ss5A6FoN75+9FLlPHcbTxdqi9BqdOYN+2Hw5G7I9/AoFTvBHR+7ywJDI+aia77KCoylsTndE3sja3456J2rA==
  
  "@ethersproject/math@^6.0.0-beta.1":
    version "6.0.0-beta.1"
    resolved "https://registry.yarnpkg.com/@ethersproject/math/-/math-6.0.0-beta.1.tgz#5b518a34e75eaaae17849192df78515833bff2c4"
    integrity sha512-IcJgiw/q357atCdSSvkSAFjnRZapb2OZMGUw4p/e3hSRVccQB5+/JKBPRm5KIPE8uxgp1G3T34hoeXreu87Hdw==
    dependencies:
      "@ethersproject/bytes" "^6.0.0-beta.1"
      "@ethersproject/logger" "^6.0.0-beta.1"
  
  "@ethersproject/networks@^5.7.0":
    version "5.7.1"
    resolved "https://registry.yarnpkg.com/@ethersproject/networks/-/networks-5.7.1.tgz#118e1a981d757d45ccea6bb58d9fd3d9db14ead6"
    integrity sha512-n/MufjFYv3yFcUyfhnXotyDlNdFb7onmkSy8aQERi2PjNcnWQ66xXxa3XlS8nCcA8aJKJjIIMNJTC7tu80GwpQ==
    dependencies:
      "@ethersproject/logger" "^5.7.0"
  
  "@ethersproject/properties@^5.7.0":
    version "5.7.0"
    resolved "https://registry.yarnpkg.com/@ethersproject/properties/-/properties-5.7.0.tgz#a6e12cb0439b878aaf470f1902a176033067ed30"
    integrity sha512-J87jy8suntrAkIZtecpxEPxY//szqr1mlBaYlQ0r4RCaiD2hjheqF9s1LVE8vVuJCXisjIP+JgtK/Do54ej4Sw==
    dependencies:
      "@ethersproject/logger" "^5.7.0"
  
  "@ethersproject/properties@^6.0.0-beta.1":
    version "6.0.0-beta.6"
    resolved "https://registry.yarnpkg.com/@ethersproject/properties/-/properties-6.0.0-beta.6.tgz#27df59014de5f14793fae16516ad6fdc73df94ac"
    integrity sha512-dVDsFK05qPSlqK03QAOiLGcfo12thi1qzLObBashmbOwF2DXpC8Xk/dF4EXZ/FXXtD8NNrAHsFg7fRl7lKDeFQ==
    dependencies:
      "@ethersproject/logger" "^6.0.0-beta.1"
  
  "@ethersproject/providers@^5.7.2":
    version "5.7.2"
    resolved "https://registry.yarnpkg.com/@ethersproject/providers/-/providers-5.7.2.tgz#f8b1a4f275d7ce58cf0a2eec222269a08beb18cb"
    integrity sha512-g34EWZ1WWAVgr4aptGlVBF8mhl3VWjv+8hoAnzStu8Ah22VHBsuGzP17eb6xDVRzw895G4W7vvx60lFFur/1Rg==
    dependencies:
      "@ethersproject/abstract-provider" "^5.7.0"
      "@ethersproject/abstract-signer" "^5.7.0"
      "@ethersproject/address" "^5.7.0"
      "@ethersproject/base64" "^5.7.0"
      "@ethersproject/basex" "^5.7.0"
      "@ethersproject/bignumber" "^5.7.0"
      "@ethersproject/bytes" "^5.7.0"
      "@ethersproject/constants" "^5.7.0"
      "@ethersproject/hash" "^5.7.0"
      "@ethersproject/logger" "^5.7.0"
      "@ethersproject/networks" "^5.7.0"
      "@ethersproject/properties" "^5.7.0"
      "@ethersproject/random" "^5.7.0"
      "@ethersproject/rlp" "^5.7.0"
      "@ethersproject/sha2" "^5.7.0"
      "@ethersproject/strings" "^5.7.0"
      "@ethersproject/transactions" "^5.7.0"
      "@ethersproject/web" "^5.7.0"
      bech32 "1.1.4"
      ws "7.4.6"
  
  "@ethersproject/providers@^6.0.0-beta.1":
    version "6.0.0-beta.8"
    resolved "https://registry.yarnpkg.com/@ethersproject/providers/-/providers-6.0.0-beta.8.tgz#9d75f901e6a8c2dff5ac5b98f2d91b591f412aac"
    integrity sha512-T+FNpfH+GhGmJiZZUbNCELpQhsGA+e8AnpSiszY4LF7nLm9v7Kqt8D89U5YH2GclkFpAcguopw3CIhlFDlTgKg==
    dependencies:
      "@ethersproject/address" "^6.0.0-beta.1"
      "@ethersproject/bytes" "^6.0.0-beta.1"
      "@ethersproject/hash" "^6.0.0-beta.1"
      "@ethersproject/logger" "^6.0.0-beta.1"
      "@ethersproject/math" "^6.0.0-beta.1"
      "@ethersproject/properties" "^6.0.0-beta.1"
      "@ethersproject/signing-key" "^6.0.0-beta.1"
      "@ethersproject/transaction" "^6.0.0-beta.1"
      "@ethersproject/web" "^6.0.0-beta.1"
      ws "8.5.0"
  
  "@ethersproject/random@^5.7.0":
    version "5.7.0"
    resolved "https://registry.yarnpkg.com/@ethersproject/random/-/random-5.7.0.tgz#af19dcbc2484aae078bb03656ec05df66253280c"
    integrity sha512-19WjScqRA8IIeWclFme75VMXSBvi4e6InrUNuaR4s5pTF2qNhcGdCUwdxUVGtDDqC00sDLCO93jPQoDUH4HVmQ==
    dependencies:
      "@ethersproject/bytes" "^5.7.0"
      "@ethersproject/logger" "^5.7.0"
  
  "@ethersproject/rlp@^5.7.0":
    version "5.7.0"
    resolved "https://registry.yarnpkg.com/@ethersproject/rlp/-/rlp-5.7.0.tgz#de39e4d5918b9d74d46de93af80b7685a9c21304"
    integrity sha512-rBxzX2vK8mVF7b0Tol44t5Tb8gomOHkj5guL+HhzQ1yBh/ydjGnpw6at+X6Iw0Kp3OzzzkcKp8N9r0W4kYSs9w==
    dependencies:
      "@ethersproject/bytes" "^5.7.0"
      "@ethersproject/logger" "^5.7.0"
  
  "@ethersproject/rlp@^6.0.0-beta.1":
    version "6.0.0-beta.2"
    resolved "https://registry.yarnpkg.com/@ethersproject/rlp/-/rlp-6.0.0-beta.2.tgz#e3e3dab34166e8d1c2d2a92e2fed456c868bec63"
    integrity sha512-wGXvHMsiE0YdvpCEbZHUXwbGgGEPHd7eRedmjQrJ/tqBOHmqYLDkwYiQL9iCW2rfdsh60p0jRBF3Htb/WmWjmg==
    dependencies:
      "@ethersproject/bytes" "^6.0.0-beta.1"
      "@ethersproject/logger" "^6.0.0-beta.1"
  
  "@ethersproject/sha2@^5.7.0":
    version "5.7.0"
    resolved "https://registry.yarnpkg.com/@ethersproject/sha2/-/sha2-5.7.0.tgz#9a5f7a7824ef784f7f7680984e593a800480c9fb"
    integrity sha512-gKlH42riwb3KYp0reLsFTokByAKoJdgFCwI+CCiX/k+Jm2mbNs6oOaCjYQSlI1+XBVejwH2KrmCbMAT/GnRDQw==
    dependencies:
      "@ethersproject/bytes" "^5.7.0"
      "@ethersproject/logger" "^5.7.0"
      hash.js "1.1.7"
  
  "@ethersproject/signing-key@^5.7.0":
    version "5.7.0"
    resolved "https://registry.yarnpkg.com/@ethersproject/signing-key/-/signing-key-5.7.0.tgz#06b2df39411b00bc57c7c09b01d1e41cf1b16ab3"
    integrity sha512-MZdy2nL3wO0u7gkB4nA/pEf8lu1TlFswPNmy8AiYkfKTdO6eXBJyUdmHO/ehm/htHw9K/qF8ujnTyUAD+Ry54Q==
    dependencies:
      "@ethersproject/bytes" "^5.7.0"
      "@ethersproject/logger" "^5.7.0"
      "@ethersproject/properties" "^5.7.0"
      bn.js "^5.2.1"
      elliptic "6.5.4"
      hash.js "1.1.7"
  
  "@ethersproject/signing-key@^6.0.0-beta.1":
    version "6.0.0-beta.2"
    resolved "https://registry.yarnpkg.com/@ethersproject/signing-key/-/signing-key-6.0.0-beta.2.tgz#79906f3c16934f08355a79e6065ecfcca18dbb42"
    integrity sha512-mv3BSRw/KPySuPebxu/XbuzHSbmodNtRuU3HeOKv65qiGo9XtqMp8aikl23BhqdyNQZQW1f+ACzC/kVycHls0Q==
    dependencies:
      "@ethersproject/bytes" "^6.0.0-beta.1"
      "@ethersproject/crypto" "^6.0.0-beta.1"
      "@ethersproject/logger" "^6.0.0-beta.1"
      "@ethersproject/math" "^6.0.0-beta.1"
      "@ethersproject/properties" "^6.0.0-beta.1"
      "@noble/secp256k1" "1.5.5"
  
  "@ethersproject/strings@^5.7.0":
    version "5.7.0"
    resolved "https://registry.yarnpkg.com/@ethersproject/strings/-/strings-5.7.0.tgz#54c9d2a7c57ae8f1205c88a9d3a56471e14d5ed2"
    integrity sha512-/9nu+lj0YswRNSH0NXYqrh8775XNyEdUQAuf3f+SmOrnVewcJ5SBNAjF7lpgehKi4abvNNXyf+HX86czCdJ8Mg==
    dependencies:
      "@ethersproject/bytes" "^5.7.0"
      "@ethersproject/constants" "^5.7.0"
      "@ethersproject/logger" "^5.7.0"
  
  "@ethersproject/strings@^6.0.0-beta.1":
    version "6.0.0-beta.2"
    resolved "https://registry.yarnpkg.com/@ethersproject/strings/-/strings-6.0.0-beta.2.tgz#10ed129b29ab22f526b8cd0321072d36e6b2738a"
    integrity sha512-H+aFEsplzHqWXkJ2sVG27bRqWTbzyDNQI0V6bnf4klTm67ZkwdswsEl9R2qXVBozYxGTuYj+Rqmw9+S5lbb0aA==
    dependencies:
      "@ethersproject/bytes" "^6.0.0-beta.1"
      "@ethersproject/logger" "^6.0.0-beta.1"
  
  "@ethersproject/transaction@^6.0.0-beta.1":
    version "6.0.0-beta.2"
    resolved "https://registry.yarnpkg.com/@ethersproject/transaction/-/transaction-6.0.0-beta.2.tgz#5ab80a3a922415c3aa39a9681a8135c22a4452df"
    integrity sha512-zHAS95LAadbN2IAqHqjJwvK150/klqIK9HTnTpE6vVCQpXWCx2Ici0/jtywYMCxT5WdtUnDNT9FHGIHecs7agA==
    dependencies:
      "@ethersproject/address" "^6.0.0-beta.1"
      "@ethersproject/bytes" "^6.0.0-beta.1"
      "@ethersproject/crypto" "^6.0.0-beta.1"
      "@ethersproject/logger" "^6.0.0-beta.1"
      "@ethersproject/math" "^6.0.0-beta.1"
      "@ethersproject/properties" "^6.0.0-beta.1"
      "@ethersproject/rlp" "^6.0.0-beta.1"
      "@ethersproject/signing-key" "^6.0.0-beta.1"
  
  "@ethersproject/transactions@^5.7.0":
    version "5.7.0"
    resolved "https://registry.yarnpkg.com/@ethersproject/transactions/-/transactions-5.7.0.tgz#91318fc24063e057885a6af13fdb703e1f993d3b"
    integrity sha512-kmcNicCp1lp8qanMTC3RIikGgoJ80ztTyvtsFvCYpSCfkjhD0jZ2LOrnbcuxuToLIUYYf+4XwD1rP+B/erDIhQ==
    dependencies:
      "@ethersproject/address" "^5.7.0"
      "@ethersproject/bignumber" "^5.7.0"
      "@ethersproject/bytes" "^5.7.0"
      "@ethersproject/constants" "^5.7.0"
      "@ethersproject/keccak256" "^5.7.0"
      "@ethersproject/logger" "^5.7.0"
      "@ethersproject/properties" "^5.7.0"
      "@ethersproject/rlp" "^5.7.0"
      "@ethersproject/signing-key" "^5.7.0"
  
  "@ethersproject/transactions@^6.0.0-beta.1":
    version "6.0.0-beta.2"
    resolved "https://registry.yarnpkg.com/@ethersproject/transactions/-/transactions-6.0.0-beta.2.tgz#fc3bef155e59e8fa132a2c4e934a5dfd400372a2"
    integrity sha512-8uHTQ5vlC2n3gs4KUOjwNU6/VA9pvoc5oPnjTvH6QLKVEoMQPy2t9ikTc+51IX1gOKvBKwLGypLoOe6Yshu9Lw==
    dependencies:
      "@ethersproject/address" "^6.0.0-beta.1"
      "@ethersproject/bytes" "^6.0.0-beta.1"
      "@ethersproject/crypto" "^6.0.0-beta.1"
      "@ethersproject/logger" "^6.0.0-beta.1"
      "@ethersproject/math" "^6.0.0-beta.1"
      "@ethersproject/properties" "^6.0.0-beta.1"
      "@ethersproject/rlp" "^6.0.0-beta.1"
      "@ethersproject/signing-key" "^6.0.0-beta.1"
  
  "@ethersproject/web@^5.7.0":
    version "5.7.1"
    resolved "https://registry.yarnpkg.com/@ethersproject/web/-/web-5.7.1.tgz#de1f285b373149bee5928f4eb7bcb87ee5fbb4ae"
    integrity sha512-Gueu8lSvyjBWL4cYsWsjh6MtMwM0+H4HvqFPZfB6dV8ctbP9zFAO73VG1cMWae0FLPCtz0peKPpZY8/ugJJX2w==
    dependencies:
      "@ethersproject/base64" "^5.7.0"
      "@ethersproject/bytes" "^5.7.0"
      "@ethersproject/logger" "^5.7.0"
      "@ethersproject/properties" "^5.7.0"
      "@ethersproject/strings" "^5.7.0"
  
  "@ethersproject/web@^6.0.0-beta.1":
    version "6.0.0-beta.6"
    resolved "https://registry.yarnpkg.com/@ethersproject/web/-/web-6.0.0-beta.6.tgz#8cfe611caac1a5647fd73d8302b7855134096eaf"
    integrity sha512-d1xA6Yw+FFaMLqhfMK8Epdf0BGj1jNI5DM6NbpxiEFrY4JltCPggsQCkgBQnS+PJCzKBvSpGVL7TtvkWEa1Csg==
    dependencies:
      "@ethersproject/bytes" "^6.0.0-beta.1"
      "@ethersproject/logger" "^6.0.0-beta.1"
      "@ethersproject/properties" "^6.0.0-beta.1"
      "@ethersproject/strings" "^6.0.0-beta.1"
  
  "@noble/hashes@1.0.0":
    version "1.0.0"
    resolved "https://registry.yarnpkg.com/@noble/hashes/-/hashes-1.0.0.tgz#d5e38bfbdaba174805a4e649f13be9a9ed3351ae"
    integrity sha512-DZVbtY62kc3kkBtMHqwCOfXrT/hnoORy5BJ4+HU1IR59X0KWAOqsfzQPcUl/lQLlG7qXbe/fZ3r/emxtAl+sqg==
  
  "@noble/secp256k1@1.5.5":
    version "1.5.5"
    resolved "https://registry.yarnpkg.com/@noble/secp256k1/-/secp256k1-1.5.5.tgz#315ab5745509d1a8c8e90d0bdf59823ccf9bcfc3"
    integrity sha512-sZ1W6gQzYnu45wPrWx8D3kwI2/U29VYTx9OjbDAd7jwRItJ0cSTMPRL/C8AWZFn9kWFLQGqEXVEE86w4Z8LpIQ==
  
  bech32@1.1.4:
    version "1.1.4"
    resolved "https://registry.yarnpkg.com/bech32/-/bech32-1.1.4.tgz#e38c9f37bf179b8eb16ae3a772b40c356d4832e9"
    integrity sha512-s0IrSOzLlbvX7yp4WBfPITzpAU8sqQcpsmwXDiKwrG4r491vwCO/XpejasRNl0piBMe/DvP4Tz0mIS/X1DPJBQ==
  
  bignumber.js@^9.1.2:
    version "9.1.2"
    resolved "https://registry.yarnpkg.com/bignumber.js/-/bignumber.js-9.1.2.tgz#b7c4242259c008903b13707983b5f4bbd31eda0c"
    integrity sha512-2/mKyZH9K85bzOEfhXDBFZTGd1CTs+5IHpeFQo9luiBG7hghdC851Pj2WAhb6E3R6b9tZj/XKhbg4fum+Kepug==
  
  bn.js@^4.11.9:
    version "4.12.0"
    resolved "https://registry.yarnpkg.com/bn.js/-/bn.js-4.12.0.tgz#775b3f278efbb9718eec7361f483fb36fbbfea88"
    integrity sha512-c98Bf3tPniI+scsdk237ku1Dc3ujXQTSgyiPUDEOe7tRkhrqridvh8klBv0HCEso1OLOYcHuCv/cS6DNxKH+ZA==
  
  bn.js@^5.2.1:
    version "5.2.1"
    resolved "https://registry.yarnpkg.com/bn.js/-/bn.js-5.2.1.tgz#0bc527a6a0d18d0aa8d5b0538ce4a77dccfa7b70"
    integrity sha512-eXRvHzWyYPBuB4NBy0cmYQjGitUrtqwbvlzP3G6VFnNRbsZQIxQ10PbKKHt8gZ/HW/D/747aDl+QkDqg3KQLMQ==
  
  brorand@^1.1.0:
    version "1.1.0"
    resolved "https://registry.yarnpkg.com/brorand/-/brorand-1.1.0.tgz#12c25efe40a45e3c323eb8675a0a0ce57b22371f"
    integrity sha512-cKV8tMCEpQs4hK/ik71d6LrPOnpkpGBR0wzxqr68g2m/LB2GxVYQroAjMJZRVM1Y4BCjCKc3vAamxSzOY2RP+w==
  
  elliptic@6.5.4:
    version "6.5.4"
    resolved "https://registry.yarnpkg.com/elliptic/-/elliptic-6.5.4.tgz#da37cebd31e79a1367e941b592ed1fbebd58abbb"
    integrity sha512-iLhC6ULemrljPZb+QutR5TQGB+pdW6KGD5RSegS+8sorOZT+rdQFbsQFJgvN3eRqNALqJer4oQ16YvJHlU8hzQ==
    dependencies:
      bn.js "^4.11.9"
      brorand "^1.1.0"
      hash.js "^1.0.0"
      hmac-drbg "^1.0.1"
      inherits "^2.0.4"
      minimalistic-assert "^1.0.1"
      minimalistic-crypto-utils "^1.0.1"
  
  hash.js@1.1.7, hash.js@^1.0.0, hash.js@^1.0.3:
    version "1.1.7"
    resolved "https://registry.yarnpkg.com/hash.js/-/hash.js-1.1.7.tgz#0babca538e8d4ee4a0f8988d68866537a003cf42"
    integrity sha512-taOaskGt4z4SOANNseOviYDvjEJinIkRgmp7LbKP2YTTmVxWBl87s/uzK9r+44BclBSp2X7K1hqeNfz9JbBeXA==
    dependencies:
      inherits "^2.0.3"
      minimalistic-assert "^1.0.1"
  
  hmac-drbg@^1.0.1:
    version "1.0.1"
    resolved "https://registry.yarnpkg.com/hmac-drbg/-/hmac-drbg-1.0.1.tgz#d2745701025a6c775a6c545793ed502fc0c649a1"
    integrity sha512-Tti3gMqLdZfhOQY1Mzf/AanLiqh1WTiJgEj26ZuYQ9fbkLomzGchCws4FyrSd4VkpBfiNhaE1On+lOz894jvXg==
    dependencies:
      hash.js "^1.0.3"
      minimalistic-assert "^1.0.0"
      minimalistic-crypto-utils "^1.0.1"
  
  inherits@^2.0.3, inherits@^2.0.4:
    version "2.0.4"
    resolved "https://registry.yarnpkg.com/inherits/-/inherits-2.0.4.tgz#0fa2c64f932917c3433a0ded55363aae37416b7c"
    integrity sha512-k/vGaX4/Yla3WzyMCvTQOXYeIHvqOKtnqBduzTHpzpQZzAskKMhZ2K+EnBiSM9zGSoIFeMpXKxa4dYeZIQqewQ==
  
  js-sha3@0.8.0:
    version "0.8.0"
    resolved "https://registry.yarnpkg.com/js-sha3/-/js-sha3-0.8.0.tgz#b9b7a5da73afad7dedd0f8c463954cbde6818840"
    integrity sha512-gF1cRrHhIzNfToc802P800N8PpXS+evLLXfsVpowqmAFR9uwbi89WvXg2QspOmXL8QL86J4T1EpFu+yUkwJY3Q==
  
  minimalistic-assert@^1.0.0, minimalistic-assert@^1.0.1:
    version "1.0.1"
    resolved "https://registry.yarnpkg.com/minimalistic-assert/-/minimalistic-assert-1.0.1.tgz#2e194de044626d4a10e7f7fbc00ce73e83e4d5c7"
    integrity sha512-UtJcAD4yEaGtjPezWuO9wC4nwUnVH/8/Im3yEHQP4b67cXlD/Qr9hdITCU1xDbSEXg2XKNaP8jsReV7vQd00/A==
  
  minimalistic-crypto-utils@^1.0.1:
    version "1.0.1"
    resolved "https://registry.yarnpkg.com/minimalistic-crypto-utils/-/minimalistic-crypto-utils-1.0.1.tgz#f6c00c1c0b082246e5c4d99dfb8c7c083b2b582a"
    integrity sha512-JIYlbt6g8i5jKfJ3xz7rF0LXmv2TkDxBLUkiBeZ7bAx4GnnNMr8xFpGnOxn6GhTEHx3SjRrZEoU+j04prX1ktg==
  
  ws@7.4.6:
    version "7.4.6"
    resolved "https://registry.yarnpkg.com/ws/-/ws-7.4.6.tgz#5654ca8ecdeee47c33a9a4bf6d28e2be2980377c"
    integrity sha512-YmhHDO4MzaDLB+M9ym/mDA5z0naX8j7SIlT8f8z+I0VtzsRbekxEutHSme7NPS2qE8StCYQNUnfWdXta/Yu85A==
  
  ws@8.5.0:
    version "8.5.0"
    resolved "https://registry.yarnpkg.com/ws/-/ws-8.5.0.tgz#bfb4be96600757fe5382de12c670dab984a1ed4f"
    integrity sha512-BWX0SWVgLPzYwF8lTzEy1egjhS4S4OEAHfsO8o65WOVsrnSRGaSiUaa9e0ggGlkMTtBlmOpEXiie9RUcBO86qg==
